2022-04-20 20:26:48,786  INFO [main] CucumberRunner:31 - <---------------------------Motor EN flow<---------------------------
2022-04-20 20:26:51,594  INFO [main] CucumberRunner:38 - Browser opened sucessfully
2022-04-20 20:27:17,510  INFO [main] CucumberRunner:49 - User in home page
2022-04-20 20:27:20,727  INFO [main] CucumberRunner:57 - User clicked on the motor option
2022-04-20 20:27:20,728  INFO [main] CucumberRunner:62 - User navigate to Insure New Policy page
2022-04-20 20:27:20,731  INFO [main] CucumberRunner:68 - User navigate to Insure New Policy
2022-04-20 20:27:20,732  INFO [main] CucumberRunner:74 - User enters the policies holder details
2022-04-20 20:27:22,147  INFO [main] CucumberRunner:81 - User entered the NID as 1096136294
2022-04-20 20:27:24,362  INFO [main] CucumberRunner:88 - User entered the dob as 12-09-1969
2022-04-20 20:27:26,541  INFO [main] CucumberRunner:95 - User entered the mobile number as 508228298
2022-04-20 20:27:28,845  INFO [main] CucumberRunner:102 - User entered the email as hussain.al-quhaiz@ibm.com
2022-04-20 20:27:31,005  INFO [main] CucumberRunner:109 - User entered the sequence number as 484501610
2022-04-20 20:27:33,182  INFO [main] CucumberRunner:116 - User entered the policies date as 21-04-2022
2022-04-20 20:27:33,483  INFO [main] CucumberRunner:29 - <---------------------------Motor AR flow<---------------------------
2022-04-20 20:27:33,495  INFO [main] CucumberRunner:33 - Getting driver from the previous page
2022-04-20 20:27:36,287  INFO [main] CucumberRunner:40 - User in home page
2022-04-20 20:27:43,958  INFO [main] CucumberRunner:48 - user clicks on the Aabic language hyperlink
2022-04-20 20:27:47,084  INFO [main] CucumberRunner:54 - user clicks on the motor product
2022-04-20 20:27:47,085  INFO [main] CucumberRunner:59 - user navigates the to Insure New Policy pages
2022-04-20 20:27:47,085  INFO [main] CucumberRunner:65 - User navigate to Insure New Policy
2022-04-20 20:27:47,085  INFO [main] CucumberRunner:71 - User enters the policies holder details
2022-04-20 20:27:47,529  INFO [main] CucumberRunner:78 - User entered the NID as 1096136294
2022-04-20 20:27:49,725  INFO [main] CucumberRunner:84 - User entered the dob as 12-09-1969
2022-04-20 20:27:51,898  INFO [main] CucumberRunner:90 - User entered the mobile number as 508228298
2022-04-20 20:27:54,141  INFO [main] CucumberRunner:96 - User entered the email as hussain.al-quhaiz@ibm.com
2022-04-20 20:27:56,327  INFO [main] CucumberRunner:102 - User entered the sequence number as 484501610
2022-04-20 20:27:58,484  INFO [main] CucumberRunner:108 - User entered the policie date as 21-04-2022
2022-04-20 20:27:58,783  INFO [main] CucumberRunner:123 - Report gets generated
