2022-05-08 14:45:33,490  INFO [main] CucumberRunner:31 - <---------------------------Motor EN flow<---------------------------
2022-05-08 14:45:35,356  INFO [main] CucumberRunner:38 - Browser opened sucessfully
2022-05-08 14:45:50,936  INFO [main] CucumberRunner:49 - User in home page
2022-05-08 14:45:54,066  INFO [main] CucumberRunner:57 - User clicked on the motor option
2022-05-08 14:45:54,066  INFO [main] CucumberRunner:62 - User navigate to Insure New Policy page
2022-05-08 14:45:54,067  INFO [main] CucumberRunner:68 - User navigate to Insure New Policy
2022-05-08 14:45:54,067  INFO [main] CucumberRunner:74 - User enters the policies holder details
2022-05-08 14:45:55,289  INFO [main] CucumberRunner:81 - User entered the NID as 1096136294
2022-05-08 14:45:57,431  INFO [main] CucumberRunner:88 - User entered the dob as 12-09-1969
2022-05-08 14:45:59,572  INFO [main] CucumberRunner:95 - User entered the mobile number as 508228298
2022-05-08 14:46:01,742  INFO [main] CucumberRunner:102 - User entered the email as hussain.al-quhaiz@ibm.com
2022-05-08 14:46:03,900  INFO [main] CucumberRunner:109 - User entered the sequence number as 484501610
2022-05-08 14:46:06,018  INFO [main] CucumberRunner:116 - User entered the policies date as 21-04-2022
2022-05-08 14:46:06,185  INFO [main] CucumberRunner:29 - <---------------------------Motor AR flow<---------------------------
2022-05-08 14:46:06,191  INFO [main] CucumberRunner:33 - Getting driver from the previous page
2022-05-08 14:46:08,776  INFO [main] CucumberRunner:40 - User in home page
2022-05-08 14:46:17,846  INFO [main] CucumberRunner:48 - user clicks on the Aabic language hyperlink
2022-05-08 14:46:20,928  INFO [main] CucumberRunner:54 - user clicks on the motor product
2022-05-08 14:46:20,929  INFO [main] CucumberRunner:59 - user navigates the to Insure New Policy pages
2022-05-08 14:46:20,929  INFO [main] CucumberRunner:65 - User navigate to Insure New Policy
2022-05-08 14:46:20,930  INFO [main] CucumberRunner:71 - User enters the policies holder details
2022-05-08 14:46:21,177  INFO [main] CucumberRunner:78 - User entered the NID as 1096136294
2022-05-08 14:46:23,307  INFO [main] CucumberRunner:84 - User entered the dob as 12-09-1969
2022-05-08 14:46:25,390  INFO [main] CucumberRunner:90 - User entered the mobile number as 508228298
2022-05-08 14:46:27,569  INFO [main] CucumberRunner:96 - User entered the email as hussain.al-quhaiz@ibm.com
2022-05-08 14:46:29,674  INFO [main] CucumberRunner:102 - User entered the sequence number as 484501610
2022-05-08 14:46:31,797  INFO [main] CucumberRunner:108 - User entered the policie date as 21-04-2022
